<?xml version="1.0" encoding="UTF-8"?>
<testsuite xmlns:xsi="http://www.w3.org/2001/XMLSchema-instance" xsi:noNamespaceSchemaLocation="https://maven.apache.org/surefire/maven-surefire-plugin/xsd/surefire-test-report.xsd" version="3.0.2" name="com.example.openlibrary.OpenlibraryApplicationTests" time="3.345" tests="1" errors="0" skipped="0" failures="0">
  <properties>
[...]
</properties>
  <testcase name="contextLoads" classname="com.example.openlibrary.OpenlibraryApplicationTests" time="0.904">
    <system-out><![CDATA[20:28:17.964 [main] INFO org.springframework.test.context.support.AnnotationConfigContextLoaderUtils -- Could not detect default configuration classes for test class [com.example.openlibrary.OpenlibraryApplicationTests]: OpenlibraryApplicationTests does not declare any static, non-private, non-final, nested classes annotated with @Configuration.
20:28:18.139 [main] INFO org.springframework.boot.test.context.SpringBootTestContextBootstrapper -- Found @SpringBootConfiguration com.example.openlibrary.OpenlibraryApplication for test class com.example.openlibrary.OpenlibraryApplicationTests
20:28:18.372 [main] INFO org.springframework.boot.devtools.restart.RestartApplicationListener -- Restart disabled due to context in which it is running

  .   ____          _            __ _ _
 /\\ / ___'_ __ _ _(_)_ __  __ _ \ \ \ \
( ( )\___ | '_ | '_| | '_ \/ _` | \ \ \ \
 \\/  ___)| |_)| | | | | || (_| |  ) ) ) )
  '  |____| .__|_| |_|_| |_\__, | / / / /
 =========|_|==============|___/=/_/_/_/

 :: Spring Boot ::                (v3.5.3)

2025-07-16T20:28:18.758+07:00  INFO 22148 --- [openlibrary] [           main] c.e.o.OpenlibraryApplicationTests        : Starting OpenlibraryApplicationTests using Java 21.0.7 with PID 22148 (started by letua in C:\Users\letua\Documents\workspace-spring-tools-for-eclipse-4.31.0.RELEASE\openlibrary)
2025-07-16T20:28:18.760+07:00  INFO 22148 --- [openlibrary] [           main] c.e.o.OpenlibraryApplicationTests        : No active profile set, falling back to 1 default profile: "default"
2025-07-16T20:28:20.167+07:00  INFO 22148 --- [openlibrary] [           main] c.e.o.OpenlibraryApplicationTests        : Started OpenlibraryApplicationTests in 1.816 seconds (process running for 3.361)
]]></system-out>
    <system-err><![CDATA[Mockito is currently self-attaching to enable the inline-mock-maker. This will no longer work in future releases of the JDK. Please add Mockito as an agent to your build as described in Mockito's documentation: https://javadoc.io/doc/org.mockito/mockito-core/latest/org.mockito/org/mockito/Mockito.html#0.3
WARNING: A Java agent has been loaded dynamically (C:\Users\letua\.m2\repository\net\bytebuddy\byte-buddy-agent\1.17.6\byte-buddy-agent-1.17.6.jar)
WARNING: If a serviceability tool is in use, please run with -XX:+EnableDynamicAgentLoading to hide this warning
WARNING: If a serviceability tool is not in use, please run with -Djdk.instrument.traceUsage for more information
WARNING: Dynamic loading of agents will be disallowed by default in a future release
]]></system-err>
  </testcase>
</testsuite>